c:\users\yjm12\desktop\혜룡\공부\2016_dragon-flight\dragon flight\dragon flight\debug\vc142.pdb
c:\users\yjm12\desktop\혜룡\공부\2016_dragon-flight\dragon flight\dragon flight\debug\vc142.idb
c:\users\yjm12\desktop\혜룡\공부\2016_dragon-flight\dragon flight\dragon flight\debug\winmain.obj
c:\users\yjm12\desktop\혜룡\공부\2016_dragon-flight\dragon flight\dragon flight\debug\scene.obj
c:\users\yjm12\desktop\혜룡\공부\2016_dragon-flight\dragon flight\dragon flight\debug\object_stone.obj
c:\users\yjm12\desktop\혜룡\공부\2016_dragon-flight\dragon flight\dragon flight\debug\object_player.obj
c:\users\yjm12\desktop\혜룡\공부\2016_dragon-flight\dragon flight\dragon flight\debug\object_monster.obj
c:\users\yjm12\desktop\혜룡\공부\2016_dragon-flight\dragon flight\dragon flight\debug\object_missile3.obj
c:\users\yjm12\desktop\혜룡\공부\2016_dragon-flight\dragon flight\dragon flight\debug\object_missile2.obj
c:\users\yjm12\desktop\혜룡\공부\2016_dragon-flight\dragon flight\dragon flight\debug\object_missile.obj
c:\users\yjm12\desktop\혜룡\공부\2016_dragon-flight\dragon flight\dragon flight\debug\object_midmonster.obj
c:\users\yjm12\desktop\혜룡\공부\2016_dragon-flight\dragon flight\dragon flight\debug\object_meteo.obj
c:\users\yjm12\desktop\혜룡\공부\2016_dragon-flight\dragon flight\dragon flight\debug\object_explosion.obj
c:\users\yjm12\desktop\혜룡\공부\2016_dragon-flight\dragon flight\dragon flight\debug\object_boss.obj
c:\users\yjm12\desktop\혜룡\공부\2016_dragon-flight\dragon flight\dragon flight\debug\object_bg3.obj
c:\users\yjm12\desktop\혜룡\공부\2016_dragon-flight\dragon flight\dragon flight\debug\object_bg2.obj
c:\users\yjm12\desktop\혜룡\공부\2016_dragon-flight\dragon flight\dragon flight\debug\object_bg1.obj
c:\users\yjm12\desktop\혜룡\공부\2016_dragon-flight\dragon flight\debug\dragon flight.ilk
c:\users\yjm12\desktop\혜룡\공부\2016_dragon-flight\dragon flight\debug\dragon flight.exe
c:\users\yjm12\desktop\혜룡\공부\2016_dragon-flight\dragon flight\debug\dragon flight.pdb
c:\users\yjm12\desktop\혜룡\공부\2016_dragon-flight\dragon flight\dragon flight\debug\winproject.res
c:\users\yjm12\desktop\혜룡\공부\2016_dragon-flight\dragon flight\dragon flight\debug\dragon flight.tlog\cl.command.1.tlog
c:\users\yjm12\desktop\혜룡\공부\2016_dragon-flight\dragon flight\dragon flight\debug\dragon flight.tlog\cl.read.1.tlog
c:\users\yjm12\desktop\혜룡\공부\2016_dragon-flight\dragon flight\dragon flight\debug\dragon flight.tlog\cl.write.1.tlog
c:\users\yjm12\desktop\혜룡\공부\2016_dragon-flight\dragon flight\dragon flight\debug\dragon flight.tlog\link.command.1.tlog
c:\users\yjm12\desktop\혜룡\공부\2016_dragon-flight\dragon flight\dragon flight\debug\dragon flight.tlog\link.read.1.tlog
c:\users\yjm12\desktop\혜룡\공부\2016_dragon-flight\dragon flight\dragon flight\debug\dragon flight.tlog\link.write.1.tlog
c:\users\yjm12\desktop\혜룡\공부\2016_dragon-flight\dragon flight\dragon flight\debug\dragon flight.tlog\rc.command.1.tlog
c:\users\yjm12\desktop\혜룡\공부\2016_dragon-flight\dragon flight\dragon flight\debug\dragon flight.tlog\rc.read.1.tlog
c:\users\yjm12\desktop\혜룡\공부\2016_dragon-flight\dragon flight\dragon flight\debug\dragon flight.tlog\rc.write.1.tlog
