c:\users\먼지\documents\카카오톡 받은 파일\사운드 (1)\debug\vc140.pdb
c:\users\먼지\documents\카카오톡 받은 파일\사운드 (1)\debug\vc140.idb
c:\users\먼지\documents\카카오톡 받은 파일\사운드 (1)\debug\object_bg1.obj
c:\users\먼지\documents\카카오톡 받은 파일\사운드 (1)\debug\object_bg2.obj
c:\users\먼지\documents\카카오톡 받은 파일\사운드 (1)\debug\object_bg3.obj
c:\users\먼지\documents\카카오톡 받은 파일\사운드 (1)\debug\object_boss.obj
c:\users\먼지\documents\카카오톡 받은 파일\사운드 (1)\debug\object_explosion.obj
c:\users\먼지\documents\카카오톡 받은 파일\사운드 (1)\debug\object_meteo.obj
c:\users\먼지\documents\카카오톡 받은 파일\사운드 (1)\debug\object_midmonster.obj
c:\users\먼지\documents\카카오톡 받은 파일\사운드 (1)\debug\object_missile.obj
c:\users\먼지\documents\카카오톡 받은 파일\사운드 (1)\debug\object_missile2.obj
c:\users\먼지\documents\카카오톡 받은 파일\사운드 (1)\debug\object_missile3.obj
c:\users\먼지\documents\카카오톡 받은 파일\사운드 (1)\debug\object_monster.obj
c:\users\먼지\documents\카카오톡 받은 파일\사운드 (1)\debug\object_player.obj
c:\users\먼지\documents\카카오톡 받은 파일\사운드 (1)\debug\scene.obj
c:\users\먼지\documents\카카오톡 받은 파일\사운드 (1)\debug\winmain.obj
c:\users\먼지\documents\카카오톡 받은 파일\사운드 (1)\debug\winproject.ilk
c:\users\먼지\documents\카카오톡 받은 파일\사운드 (1)\debug\winproject.exe
c:\users\먼지\documents\카카오톡 받은 파일\사운드 (1)\debug\winproject.pdb
c:\users\먼지\documents\카카오톡 받은 파일\사운드 (1)\debug\winproject.res
c:\users\먼지\documents\카카오톡 받은 파일\사운드 (1)\debug\winproject.tlog\cl.command.1.tlog
c:\users\먼지\documents\카카오톡 받은 파일\사운드 (1)\debug\winproject.tlog\cl.read.1.tlog
c:\users\먼지\documents\카카오톡 받은 파일\사운드 (1)\debug\winproject.tlog\cl.write.1.tlog
c:\users\먼지\documents\카카오톡 받은 파일\사운드 (1)\debug\winproject.tlog\link.command.1.tlog
c:\users\먼지\documents\카카오톡 받은 파일\사운드 (1)\debug\winproject.tlog\link.read.1.tlog
c:\users\먼지\documents\카카오톡 받은 파일\사운드 (1)\debug\winproject.tlog\link.write.1.tlog
c:\users\먼지\documents\카카오톡 받은 파일\사운드 (1)\debug\winproject.tlog\rc.command.1.tlog
c:\users\먼지\documents\카카오톡 받은 파일\사운드 (1)\debug\winproject.tlog\rc.read.1.tlog
c:\users\먼지\documents\카카오톡 받은 파일\사운드 (1)\debug\winproject.tlog\rc.write.1.tlog
